<?xml version="1.0" encoding="UTF-8"?>
<!-- Generated by org.testng.reporters.JUnitReportReporter -->
<testsuite skipped="0" hostname="DESKTOP-OFC8VFN" name="com.qa.api.tests.GetUserTestGET" tests="2" failures="0" timestamp="2020-04-07T19:38:57 IST" time="7.253" errors="0">
  <testcase name="getAllUserListAPITest" time="6.633" classname="com.qa.api.tests.GetUserTestGET"/>
  <testcase name="getUserWithQueryParams" time="0.620" classname="com.qa.api.tests.GetUserTestGET"/>
</testsuite> <!-- com.qa.api.tests.GetUserTestGET -->
