<?xml version="1.0" encoding="UTF-8"?>
<!-- Generated by org.testng.reporters.JUnitReportReporter -->
<testsuite skipped="0" hostname="DESKTOP-OFC8VFN" name="com.qa.api.tests.GetImgurAPITestGET" tests="3" failures="0" timestamp="2020-04-07T19:38:57 IST" time="13.942" errors="0">
  <testcase name="getAccountImagesTest" time="2.653" classname="com.qa.api.tests.GetImgurAPITestGET"/>
  <testcase name="getAccountBlockStatusTest" time="2.033" classname="com.qa.api.tests.GetImgurAPITestGET"/>
  <testcase name="uploadImagePostAPITest" time="9.256" classname="com.qa.api.tests.GetImgurAPITestGET"/>
</testsuite> <!-- com.qa.api.tests.GetImgurAPITestGET -->
